2024-08-11 23:46:59,808 : ################################################################################
2024-08-11 23:46:59,808 : angr: 9.2.102
2024-08-11 23:46:59,808 : angr: sys.version_info(major=3, minor=8, micro=10, releaselevel='final', serial=0)
2024-08-11 23:46:59,808 : ################################################################################
2024-08-11 23:46:59,808 : Start: 2024-08-11 23:46:59.808852
2024-08-11 23:46:59,808 : ********************************************************************************
2024-08-11 23:46:59,808 : Full Analysis: False
2024-08-11 23:46:59,809 : ********************************************************************************
2024-08-11 23:46:59,809 : Starting analysis of sub_40102c
2024-08-11 23:47:07,172 : Could not get prototype of function sub_40102c at 0x40102c
2024-08-11 23:47:07,173 : Could not get arguments of sub_40102c.
2024-08-11 23:47:07,173 : Function convention not found. Brute forcing for potential match.
2024-08-11 23:47:07,173 : copyMem is a candidate
2024-08-11 23:47:07,173 : Processing argument 5 at position 0
2024-08-11 23:47:07,173 : Processing argument 55484 at position 1
2024-08-11 23:47:07,173 : Processing argument 3 at position 2
2024-08-11 23:47:07,173 : Trying candidate 'copyMem'.
2024-08-11 23:47:07,196 : Function 'sub_40102c', at 0x40102c: Running angr callable with concrete arguments.
2024-08-11 23:47:07,261 : Function 'sub_40102c', at 0x40102c has return value: <BV32 0x5>
2024-08-11 23:47:07,261 : Function 'sub_40102c' with 'copyMem', at 4198444 has return value: 5
2024-08-11 23:47:07,262 : ********************************************************************************
2024-08-11 23:47:07,270 : End: 2024-08-11 23:47:07.270224
